C51 COMPILER V9.60.0.0   UTLITIES                                                          02/01/2020 23:09:39 PAGE 1   


C51 COMPILER V9.60.0.0, COMPILATION OF MODULE UTLITIES
OBJECT MODULE PLACED IN .\Objects\utlities.obj
COMPILER INVOKED BY: D:\Program Files (x86)\Keil\C51\BIN\C51.EXE ..\..\Code\Source\utlities.c LARGE OPTIMIZE(8,SPEED) BR
                    -OWSE INCDIR(..\..\Code\Include) DEBUG OBJECTEXTEND PRINT(.\Listings\utlities.lst) TABS(2) OBJECT(.\Objects\utlities.obj)

line level    source

   1          /**
   2           *******************************************************************************
   3           * @copyright 2017-2020, Electronic Technology Co. Ltd
   4           * @file      utlities.c
   5           * @version   V1.0.0
   6           * @brief     
   7           * @warning   
   8           *******************************************************************************
   9           * @remarks
  10           * 1. Version                Date                 Author
  11           *    v1.0.0                 2020年1月1日          Unknown
  12           *    Modification: 创建文档
  13           *******************************************************************************
  14           */
  15          /* NEED FIX */
  16          /*******************************************************************************
  17           *                 Include File Section ('#include')
  18           ******************************************************************************/
  19          #include "utlities.h"
  20          #include "i2c.h"
  21          
  22          /*******************************************************************************
  23           *                 Macro Define Section ('#define')
  24           ******************************************************************************/
  25          
  26          /*******************************************************************************
  27           *                 Struct Define Section ('typedef')
  28           ******************************************************************************/
  29          
  30          /*******************************************************************************
  31           *                 File Static Prototype Declare Section ('static function')
  32           ******************************************************************************/
  33          
  34          /*******************************************************************************
  35           *                 Global Variable Declare Section ('variable')
  36           ******************************************************************************/
  37          
  38          uint8_t timeCOPY[6];
  39          
  40          /*******************************************************************************
  41           *                 File Static Variable Define Section ('static variable')
  42           ******************************************************************************/
  43          
  44          /*******************************************************************************
  45           *                 Normal Function Define Section ('function')
  46           ******************************************************************************/
  47          void timecodeTotimecopy(void)
  48          {
  49   1          timeCOPY[0] = i2c_time_code[0];
  50   1          timeCOPY[1] = i2c_time_code[1];
  51   1          timeCOPY[2] = i2c_time_code[2];
  52   1          timeCOPY[3] = i2c_time_code[3];
  53   1          timeCOPY[4] = i2c_time_code[5];
  54   1          timeCOPY[5] = i2c_time_code[6];
C51 COMPILER V9.60.0.0   UTLITIES                                                          02/01/2020 23:09:39 PAGE 2   

  55   1      }
  56          
  57          // void timecopyTotimecode(void)
  58          // {
  59          //     i2c_time_code[6] = timeCOPY[5];
  60          //     i2c_time_code[5] = timeCOPY[4];
  61          //     i2c_time_code[3] = timeCOPY[3];
  62          //     i2c_time_code[2] = timeCOPY[2];
  63          //     i2c_time_code[1] = timeCOPY[1];
  64          //     i2c_time_code[0] = timeCOPY[0];
  65          // }
  66          
  67          // /* 16进制转BCD码 */
  68          // uint8_t hex2bcd(uint8_t temp)
  69          // {
  70          //     return temp % 10 + (temp / 10) * 16;
  71          // }
  72          
  73          /* BCD转16进制 BCD:0~99 */
  74          uint8_t bcd2hex(uint8_t temp)
  75          {
  76   1          return (temp / 16) * 10 + temp % 16;
  77   1      }
  78          
  79          // uint8_t Get_crc(uint8_t *Pdata, uint8_t num)
  80          // {
  81          //     uint8_t i = 0;
  82          //     uint8_t sum = 0;
  83          //     for (i = 0; i < num - 2; i++)
  84          //         sum += *(Pdata + i);
  85          //     return sum;
  86          // }
  87          
  88          /*******************************************************************************
  89           *                 File Static Function Define Section ('static function')
  90           ******************************************************************************/
  91          
  92          /*******************************************************************************
  93           *                 End of File ('EOF')
  94           ******************************************************************************/


MODULE INFORMATION:   STATIC OVERLAYABLE
   CODE SIZE        =     64    ----
   CONSTANT SIZE    =   ----    ----
   XDATA SIZE       =      6    ----
   PDATA SIZE       =   ----    ----
   DATA SIZE        =   ----    ----
   IDATA SIZE       =   ----    ----
   BIT SIZE         =   ----    ----
END OF MODULE INFORMATION.


C51 COMPILATION COMPLETE.  0 WARNING(S),  0 ERROR(S)
